{"timestamp":"2025-09-17T05:50:19.545230","level":"info","event":"DAG bundles loaded: dags-folder, example_dags","logger":"airflow.dag_processing.bundles.manager.DagBundlesManager"}
{"timestamp":"2025-09-17T05:50:19.545575","level":"info","event":"Filling up the DagBag from /opt/airflow/dags/moodle_ldap_sync_and_transform_generic.py","logger":"airflow.models.dagbag.DagBag"}
{"timestamp":"2025-09-17T05:50:19.624401Z","level":"info","event":"Task instance is in running state","chan":"stdout","logger":"task"}
{"timestamp":"2025-09-17T05:50:19.627021Z","level":"info","event":" Previous state of the Task instance: TaskInstanceState.QUEUED","chan":"stdout","logger":"task"}
{"timestamp":"2025-09-17T05:50:19.627678Z","level":"info","event":"Current task name:load_data_to_mysql","chan":"stdout","logger":"task"}
{"timestamp":"2025-09-17T05:50:19.627849Z","level":"info","event":"Dag name:moodle_ldap_dynamic_etl_v2","chan":"stdout","logger":"task"}
{"timestamp":"2025-09-17T05:50:19.628028Z","level":"info","event":"Loading data into AUST database...","chan":"stdout","logger":"task"}
{"timestamp":"2025-09-17T05:50:19.626772","level":"warning","event":"/home/airflow/.local/lib/python3.12/site-packages/airflow/models/connection.py:471: DeprecationWarning: Using Connection.get_connection_from_secrets from `airflow.models` is deprecated.Please use `get` on Connection from sdk(`airflow.sdk.Connection`) instead\n  warnings.warn(\n","logger":"py.warnings"}
{"timestamp":"2025-09-17T05:50:19.631595","level":"info","event":"Connection Retrieved 'mysql_default'","logger":"airflow.hooks.base"}
{"timestamp":"2025-09-17T05:50:19.639054","level":"info","event":"Running statement: CREATE DATABASE IF NOT EXISTS AUST;, parameters: None","logger":"airflow.task.hooks.airflow.providers.mysql.hooks.mysql.MySqlHook"}
{"timestamp":"2025-09-17T05:50:19.641068","level":"info","event":"Rows affected: 1","logger":"airflow.task.hooks.airflow.providers.mysql.hooks.mysql.MySqlHook"}
{"timestamp":"2025-09-17T05:50:19.644683","level":"info","event":"Running statement: \n            CREATE TABLE IF NOT EXISTS AUST.ldap_users (\n                dn VARCHAR(255) PRIMARY KEY,\n                cn VARCHAR(255),\n                sn VARCHAR(255),\n                mail VARCHAR(255),\n                uid VARCHAR(255),\n                raw_attributes JSON,\n                last_synced_at TIMESTAMP DEFAULT CURRENT_TIMESTAMP ON UPDATE CURRENT_TIMESTAMP\n            );\n        , parameters: None","logger":"airflow.task.hooks.airflow.providers.mysql.hooks.mysql.MySqlHook"}
{"timestamp":"2025-09-17T05:50:19.646283","level":"info","event":"Rows affected: 0","logger":"airflow.task.hooks.airflow.providers.mysql.hooks.mysql.MySqlHook"}
{"timestamp":"2025-09-17T05:50:19.659290","level":"info","event":"Done loading. Loaded a total of 11 rows into AUST.ldap_users","logger":"airflow.task.hooks.airflow.providers.mysql.hooks.mysql.MySqlHook"}
{"timestamp":"2025-09-17T05:50:19.659621Z","level":"info","event":"Loaded 11 records into AUST.ldap_users.","chan":"stdout","logger":"task"}
{"timestamp":"2025-09-17T05:50:19.662250","level":"info","event":"Running statement: \n                CREATE TABLE IF NOT EXISTS AUST.moodle_users_raw (\n                    id BIGINT PRIMARY KEY,\n                    raw_data JSON,\n                    last_synced_at TIMESTAMP DEFAULT CURRENT_TIMESTAMP ON UPDATE CURRENT_TIMESTAMP\n                );\n            , parameters: None","logger":"airflow.task.hooks.airflow.providers.mysql.hooks.mysql.MySqlHook"}
{"timestamp":"2025-09-17T05:50:19.665409","level":"info","event":"Rows affected: 0","logger":"airflow.task.hooks.airflow.providers.mysql.hooks.mysql.MySqlHook"}
{"timestamp":"2025-09-17T05:50:19.669440","level":"info","event":"Running statement: \n                CREATE TABLE IF NOT EXISTS AUST.moodle_courses_raw (\n                    id BIGINT PRIMARY KEY,\n                    raw_data JSON,\n                    last_synced_at TIMESTAMP DEFAULT CURRENT_TIMESTAMP ON UPDATE CURRENT_TIMESTAMP\n                );\n            , parameters: None","logger":"airflow.task.hooks.airflow.providers.mysql.hooks.mysql.MySqlHook"}
{"timestamp":"2025-09-17T05:50:19.671070","level":"info","event":"Rows affected: 0","logger":"airflow.task.hooks.airflow.providers.mysql.hooks.mysql.MySqlHook"}
{"timestamp":"2025-09-17T05:50:19.674581","level":"info","event":"Running statement: \n                CREATE TABLE IF NOT EXISTS AUST.moodle_assignments_raw (\n                    id BIGINT PRIMARY KEY,\n                    raw_data JSON,\n                    last_synced_at TIMESTAMP DEFAULT CURRENT_TIMESTAMP ON UPDATE CURRENT_TIMESTAMP\n                );\n            , parameters: None","logger":"airflow.task.hooks.airflow.providers.mysql.hooks.mysql.MySqlHook"}
{"timestamp":"2025-09-17T05:50:19.675916","level":"info","event":"Rows affected: 0","logger":"airflow.task.hooks.airflow.providers.mysql.hooks.mysql.MySqlHook"}
{"timestamp":"2025-09-17T05:50:19.679330","level":"info","event":"Running statement: \n                CREATE TABLE IF NOT EXISTS AUST.moodle_submissions_raw (\n                    id BIGINT PRIMARY KEY,\n                    raw_data JSON,\n                    last_synced_at TIMESTAMP DEFAULT CURRENT_TIMESTAMP ON UPDATE CURRENT_TIMESTAMP\n                );\n            , parameters: None","logger":"airflow.task.hooks.airflow.providers.mysql.hooks.mysql.MySqlHook"}
{"timestamp":"2025-09-17T05:50:19.680685","level":"info","event":"Rows affected: 0","logger":"airflow.task.hooks.airflow.providers.mysql.hooks.mysql.MySqlHook"}
{"timestamp":"2025-09-17T05:50:19.684299","level":"info","event":"Running statement: \n            CREATE TABLE IF NOT EXISTS AUST.moodle_assign_submissions_raw (\n                id BIGINT AUTO_INCREMENT PRIMARY KEY,\n                assignmentid BIGINT,\n                raw_data JSON,\n                last_synced_at TIMESTAMP DEFAULT CURRENT_TIMESTAMP ON UPDATE CURRENT_TIMESTAMP\n            );\n        , parameters: None","logger":"airflow.task.hooks.airflow.providers.mysql.hooks.mysql.MySqlHook"}
{"timestamp":"2025-09-17T05:50:19.685684","level":"info","event":"Rows affected: 0","logger":"airflow.task.hooks.airflow.providers.mysql.hooks.mysql.MySqlHook"}
{"timestamp":"2025-09-17T05:50:19.688947","level":"info","event":"Running statement: \n            CREATE TABLE IF NOT EXISTS AUST.moodle_assign_grades_raw (\n                id BIGINT AUTO_INCREMENT PRIMARY KEY,\n                assignmentid BIGINT,\n                raw_data JSON,\n                last_synced_at TIMESTAMP DEFAULT CURRENT_TIMESTAMP ON UPDATE CURRENT_TIMESTAMP\n            );\n        , parameters: None","logger":"airflow.task.hooks.airflow.providers.mysql.hooks.mysql.MySqlHook"}
{"timestamp":"2025-09-17T05:50:19.690303","level":"info","event":"Rows affected: 0","logger":"airflow.task.hooks.airflow.providers.mysql.hooks.mysql.MySqlHook"}
{"timestamp":"2025-09-17T05:50:19.693758","level":"info","event":"Running statement: \n            CREATE TABLE IF NOT EXISTS AUST.moodle_completion_raw (\n                courseid BIGINT,\n                userid BIGINT,\n                cmid BIGINT,\n                raw_data JSON,\n                last_synced_at TIMESTAMP DEFAULT CURRENT_TIMESTAMP ON UPDATE CURRENT_TIMESTAMP,\n                PRIMARY KEY (courseid, userid, cmid)\n            );\n        , parameters: None","logger":"airflow.task.hooks.airflow.providers.mysql.hooks.mysql.MySqlHook"}
{"timestamp":"2025-09-17T05:50:19.695105","level":"info","event":"Rows affected: 0","logger":"airflow.task.hooks.airflow.providers.mysql.hooks.mysql.MySqlHook"}
{"timestamp":"2025-09-17T05:50:19.708422","level":"info","event":"Done loading. Loaded a total of 13 rows into AUST.moodle_users_raw","logger":"airflow.task.hooks.airflow.providers.mysql.hooks.mysql.MySqlHook"}
{"timestamp":"2025-09-17T05:50:19.708834Z","level":"info","event":"Loaded 13 raw records into AUST.moodle_users_raw.","chan":"stdout","logger":"task"}
{"timestamp":"2025-09-17T05:50:19.716965","level":"info","event":"Done loading. Loaded a total of 4 rows into AUST.moodle_courses_raw","logger":"airflow.task.hooks.airflow.providers.mysql.hooks.mysql.MySqlHook"}
{"timestamp":"2025-09-17T05:50:19.717250Z","level":"info","event":"Loaded 4 raw records into AUST.moodle_courses_raw.","chan":"stdout","logger":"task"}
{"timestamp":"2025-09-17T05:50:19.723736","level":"info","event":"Done loading. Loaded a total of 1 rows into AUST.moodle_assignments_raw","logger":"airflow.task.hooks.airflow.providers.mysql.hooks.mysql.MySqlHook"}
{"timestamp":"2025-09-17T05:50:19.724002Z","level":"info","event":"Loaded 1 raw records into AUST.moodle_assignments_raw.","chan":"stdout","logger":"task"}
{"timestamp":"2025-09-17T05:50:19.733466","level":"info","event":"Done loading. Loaded a total of 7 rows into AUST.moodle_submissions_raw","logger":"airflow.task.hooks.airflow.providers.mysql.hooks.mysql.MySqlHook"}
{"timestamp":"2025-09-17T05:50:19.733767Z","level":"info","event":"Loaded 7 raw records into AUST.moodle_submissions_raw.","chan":"stdout","logger":"task"}
{"timestamp":"2025-09-17T05:50:19.742261","level":"info","event":"Done loading. Loaded a total of 6 rows into AUST.moodle_assign_grades_raw","logger":"airflow.task.hooks.airflow.providers.mysql.hooks.mysql.MySqlHook"}
{"timestamp":"2025-09-17T05:50:19.742579Z","level":"info","event":"Loaded 6 raw records into AUST.moodle_assign_grades_raw.","chan":"stdout","logger":"task"}
{"timestamp":"2025-09-17T05:50:19.742766Z","level":"info","event":"Raw data loading complete.","chan":"stdout","logger":"task"}
{"timestamp":"2025-09-17T05:50:19.742736","level":"info","event":"Done. Returned value was: None","logger":"airflow.task.operators.airflow.providers.standard.decorators.python._PythonDecoratedOperator"}
{"timestamp":"2025-09-17T05:50:19.751985Z","level":"info","event":"Task instance in success state","chan":"stdout","logger":"task"}
{"timestamp":"2025-09-17T05:50:19.752162Z","level":"info","event":" Previous state of the Task instance: TaskInstanceState.RUNNING","chan":"stdout","logger":"task"}
{"timestamp":"2025-09-17T05:50:19.752371Z","level":"info","event":"Task operator:<Task(_PythonDecoratedOperator): load_data_to_mysql>","chan":"stdout","logger":"task"}
